<?xml version="1.0" encoding="UTF-8"?>
<testng-results ignored="0" total="1" passed="1" failed="0" skipped="0">
  <reporter-output>
  </reporter-output>
  <suite started-at="2023-10-12T09:40:41 IST" name="Default suite" finished-at="2023-10-12T09:40:51 IST" duration-ms="9882">
    <groups>
    </groups>
    <test started-at="2023-10-12T09:40:41 IST" name="Default test" finished-at="2023-10-12T09:40:51 IST" duration-ms="9882">
      <class name="com.testcases.Logout_Functionality_Test">
        <test-method is-config="true" signature="setup()[pri:0, instance:com.testcases.Logout_Functionality_Test@55a147cc]" started-at="2023-10-12T09:40:41 IST" name="setup" finished-at="2023-10-12T09:40:45 IST" duration-ms="4016" status="PASS">
          <reporter-output>
          </reporter-output>
        </test-method> <!-- setup -->
        <test-method signature="LogOutvalidation()[pri:0, instance:com.testcases.Logout_Functionality_Test@55a147cc]" started-at="2023-10-12T09:40:45 IST" name="LogOutvalidation" finished-at="2023-10-12T09:40:51 IST" duration-ms="5816" status="PASS">
          <reporter-output>
          </reporter-output>
        </test-method> <!-- LogOutvalidation -->
        <test-method is-config="true" signature="teardown()[pri:0, instance:com.testcases.Logout_Functionality_Test@55a147cc]" started-at="2023-10-12T09:40:51 IST" name="teardown" finished-at="2023-10-12T09:40:51 IST" duration-ms="1" status="PASS">
          <reporter-output>
          </reporter-output>
        </test-method> <!-- teardown -->
      </class> <!-- com.testcases.Logout_Functionality_Test -->
    </test> <!-- Default test -->
  </suite> <!-- Default suite -->
</testng-results>
